11-May-2024 01:38:48.378 INFO [main] org.apache.catalina.startup.VersionLoggerListener.log Server version name:   Apache Tomcat/10.1.20
11-May-2024 01:38:48.381 INFO [main] org.apache.catalina.startup.VersionLoggerListener.log Server built:          Mar 19 2024 12:49:58 UTC
11-May-2024 01:38:48.382 INFO [main] org.apache.catalina.startup.VersionLoggerListener.log Server version number: 10.1.20.0
11-May-2024 01:38:48.382 INFO [main] org.apache.catalina.startup.VersionLoggerListener.log OS Name:               Linux
11-May-2024 01:38:48.382 INFO [main] org.apache.catalina.startup.VersionLoggerListener.log OS Version:            5.15.133.1-microsoft-standard-WSL2
11-May-2024 01:38:48.383 INFO [main] org.apache.catalina.startup.VersionLoggerListener.log Architecture:          amd64
11-May-2024 01:38:48.383 INFO [main] org.apache.catalina.startup.VersionLoggerListener.log Java Home:             /usr/lib/jvm/java-19-openjdk-amd64
11-May-2024 01:38:48.383 INFO [main] org.apache.catalina.startup.VersionLoggerListener.log JVM Version:           19.0.2+7-Ubuntu-0ubuntu322.04
11-May-2024 01:38:48.384 INFO [main] org.apache.catalina.startup.VersionLoggerListener.log JVM Vendor:            Private Build
11-May-2024 01:38:48.384 INFO [main] org.apache.catalina.startup.VersionLoggerListener.log CATALINA_BASE:         /mnt/c/Users/USER/OneDrive/Desktop/HKUST ACADEMICS/COMP4321/PROJECT/apache-tomcat-10.1.20
11-May-2024 01:38:48.385 INFO [main] org.apache.catalina.startup.VersionLoggerListener.log CATALINA_HOME:         /mnt/c/Users/USER/OneDrive/Desktop/HKUST ACADEMICS/COMP4321/PROJECT/apache-tomcat-10.1.20
11-May-2024 01:38:48.389 INFO [main] org.apache.catalina.startup.VersionLoggerListener.log Command line argument: -Djava.util.logging.config.file=/mnt/c/Users/USER/OneDrive/Desktop/HKUST ACADEMICS/COMP4321/PROJECT/apache-tomcat-10.1.20/conf/logging.properties
11-May-2024 01:38:48.389 INFO [main] org.apache.catalina.startup.VersionLoggerListener.log Command line argument: -Djava.util.logging.manager=org.apache.juli.ClassLoaderLogManager
11-May-2024 01:38:48.389 INFO [main] org.apache.catalina.startup.VersionLoggerListener.log Command line argument: -Djdk.tls.ephemeralDHKeySize=2048
11-May-2024 01:38:48.390 INFO [main] org.apache.catalina.startup.VersionLoggerListener.log Command line argument: -Djava.protocol.handler.pkgs=org.apache.catalina.webresources
11-May-2024 01:38:48.391 INFO [main] org.apache.catalina.startup.VersionLoggerListener.log Command line argument: -Dorg.apache.catalina.security.SecurityListener.UMASK=0027
11-May-2024 01:38:48.391 INFO [main] org.apache.catalina.startup.VersionLoggerListener.log Command line argument: --add-opens=java.base/java.lang=ALL-UNNAMED
11-May-2024 01:38:48.391 INFO [main] org.apache.catalina.startup.VersionLoggerListener.log Command line argument: --add-opens=java.base/java.io=ALL-UNNAMED
11-May-2024 01:38:48.391 INFO [main] org.apache.catalina.startup.VersionLoggerListener.log Command line argument: --add-opens=java.base/java.util=ALL-UNNAMED
11-May-2024 01:38:48.392 INFO [main] org.apache.catalina.startup.VersionLoggerListener.log Command line argument: --add-opens=java.base/java.util.concurrent=ALL-UNNAMED
11-May-2024 01:38:48.392 INFO [main] org.apache.catalina.startup.VersionLoggerListener.log Command line argument: --add-opens=java.rmi/sun.rmi.transport=ALL-UNNAMED
11-May-2024 01:38:48.392 INFO [main] org.apache.catalina.startup.VersionLoggerListener.log Command line argument: -Dcatalina.base=/mnt/c/Users/USER/OneDrive/Desktop/HKUST ACADEMICS/COMP4321/PROJECT/apache-tomcat-10.1.20
11-May-2024 01:38:48.392 INFO [main] org.apache.catalina.startup.VersionLoggerListener.log Command line argument: -Dcatalina.home=/mnt/c/Users/USER/OneDrive/Desktop/HKUST ACADEMICS/COMP4321/PROJECT/apache-tomcat-10.1.20
11-May-2024 01:38:48.393 INFO [main] org.apache.catalina.startup.VersionLoggerListener.log Command line argument: -Djava.io.tmpdir=/mnt/c/Users/USER/OneDrive/Desktop/HKUST ACADEMICS/COMP4321/PROJECT/apache-tomcat-10.1.20/temp
11-May-2024 01:38:48.396 INFO [main] org.apache.catalina.core.AprLifecycleListener.lifecycleEvent The Apache Tomcat Native library which allows using OpenSSL was not found on the java.library.path: [/usr/java/packages/lib:/usr/lib/x86_64-linux-gnu/jni:/lib/x86_64-linux-gnu:/usr/lib/x86_64-linux-gnu:/usr/lib/jni:/lib:/usr/lib]
11-May-2024 01:38:48.646 INFO [main] org.apache.coyote.AbstractProtocol.init Initializing ProtocolHandler ["http-nio-8080"]
11-May-2024 01:38:48.664 INFO [main] org.apache.catalina.startup.Catalina.load Server initialization in [482] milliseconds
11-May-2024 01:38:48.709 INFO [main] org.apache.catalina.core.StandardService.startInternal Starting service [Catalina]
11-May-2024 01:38:48.709 INFO [main] org.apache.catalina.core.StandardEngine.startInternal Starting Servlet engine: [Apache Tomcat/10.1.20]
11-May-2024 01:38:48.731 INFO [main] org.apache.catalina.startup.HostConfig.deployDirectory Deploying web application directory [/mnt/c/Users/USER/OneDrive/Desktop/HKUST ACADEMICS/COMP4321/PROJECT/apache-tomcat-10.1.20/webapps/comp4321]
11-May-2024 01:38:50.273 INFO [main] org.apache.jasper.servlet.TldScanner.scanJars At least one JAR was scanned for TLDs yet contained no TLDs. Enable debug logging for this logger for a complete list of JARs that were scanned but no TLDs were found in them. Skipping unneeded JARs during scanning can improve startup time and JSP compilation time.
11-May-2024 01:38:50.368 INFO [main] org.apache.catalina.startup.HostConfig.deployDirectory Deployment of web application directory [/mnt/c/Users/USER/OneDrive/Desktop/HKUST ACADEMICS/COMP4321/PROJECT/apache-tomcat-10.1.20/webapps/comp4321] has finished in [1,636] ms
11-May-2024 01:38:50.369 INFO [main] org.apache.catalina.startup.HostConfig.deployDirectory Deploying web application directory [/mnt/c/Users/USER/OneDrive/Desktop/HKUST ACADEMICS/COMP4321/PROJECT/apache-tomcat-10.1.20/webapps/docs]
11-May-2024 01:38:50.599 INFO [main] org.apache.catalina.startup.HostConfig.deployDirectory Deployment of web application directory [/mnt/c/Users/USER/OneDrive/Desktop/HKUST ACADEMICS/COMP4321/PROJECT/apache-tomcat-10.1.20/webapps/docs] has finished in [229] ms
11-May-2024 01:38:50.600 INFO [main] org.apache.catalina.startup.HostConfig.deployDirectory Deploying web application directory [/mnt/c/Users/USER/OneDrive/Desktop/HKUST ACADEMICS/COMP4321/PROJECT/apache-tomcat-10.1.20/webapps/examples]
11-May-2024 01:38:52.960 SEVERE [main] org.apache.catalina.core.StandardContext.startInternal One or more listeners failed to start. Full details will be found in the appropriate container log file
11-May-2024 01:38:52.961 SEVERE [main] org.apache.catalina.core.StandardContext.startInternal Context [/examples] startup failed due to previous errors
11-May-2024 01:38:52.981 INFO [main] org.apache.catalina.startup.HostConfig.deployDirectory Deployment of web application directory [/mnt/c/Users/USER/OneDrive/Desktop/HKUST ACADEMICS/COMP4321/PROJECT/apache-tomcat-10.1.20/webapps/examples] has finished in [2,381] ms
11-May-2024 01:38:52.982 INFO [main] org.apache.catalina.startup.HostConfig.deployDirectory Deploying web application directory [/mnt/c/Users/USER/OneDrive/Desktop/HKUST ACADEMICS/COMP4321/PROJECT/apache-tomcat-10.1.20/webapps/host-manager]
11-May-2024 01:38:53.219 INFO [main] org.apache.catalina.startup.HostConfig.deployDirectory Deployment of web application directory [/mnt/c/Users/USER/OneDrive/Desktop/HKUST ACADEMICS/COMP4321/PROJECT/apache-tomcat-10.1.20/webapps/host-manager] has finished in [236] ms
11-May-2024 01:38:53.220 INFO [main] org.apache.catalina.startup.HostConfig.deployDirectory Deploying web application directory [/mnt/c/Users/USER/OneDrive/Desktop/HKUST ACADEMICS/COMP4321/PROJECT/apache-tomcat-10.1.20/webapps/manager]
11-May-2024 01:38:53.881 INFO [main] org.apache.catalina.startup.HostConfig.deployDirectory Deployment of web application directory [/mnt/c/Users/USER/OneDrive/Desktop/HKUST ACADEMICS/COMP4321/PROJECT/apache-tomcat-10.1.20/webapps/manager] has finished in [661] ms
11-May-2024 01:38:53.882 INFO [main] org.apache.catalina.startup.HostConfig.deployDirectory Deploying web application directory [/mnt/c/Users/USER/OneDrive/Desktop/HKUST ACADEMICS/COMP4321/PROJECT/apache-tomcat-10.1.20/webapps/ROOT]
11-May-2024 01:38:54.054 INFO [main] org.apache.catalina.startup.HostConfig.deployDirectory Deployment of web application directory [/mnt/c/Users/USER/OneDrive/Desktop/HKUST ACADEMICS/COMP4321/PROJECT/apache-tomcat-10.1.20/webapps/ROOT] has finished in [172] ms
11-May-2024 01:38:54.062 INFO [main] org.apache.coyote.AbstractProtocol.start Starting ProtocolHandler ["http-nio-8080"]
11-May-2024 01:38:54.077 INFO [main] org.apache.catalina.startup.Catalina.start Server startup in [5412] milliseconds
11-May-2024 01:47:38.329 INFO [main] org.apache.catalina.startup.VersionLoggerListener.log Server version name:   Apache Tomcat/10.1.20
11-May-2024 01:47:38.333 INFO [main] org.apache.catalina.startup.VersionLoggerListener.log Server built:          Mar 19 2024 12:49:58 UTC
11-May-2024 01:47:38.333 INFO [main] org.apache.catalina.startup.VersionLoggerListener.log Server version number: 10.1.20.0
11-May-2024 01:47:38.334 INFO [main] org.apache.catalina.startup.VersionLoggerListener.log OS Name:               Linux
11-May-2024 01:47:38.334 INFO [main] org.apache.catalina.startup.VersionLoggerListener.log OS Version:            5.15.133.1-microsoft-standard-WSL2
11-May-2024 01:47:38.334 INFO [main] org.apache.catalina.startup.VersionLoggerListener.log Architecture:          amd64
11-May-2024 01:47:38.334 INFO [main] org.apache.catalina.startup.VersionLoggerListener.log Java Home:             /usr/lib/jvm/java-19-openjdk-amd64
11-May-2024 01:47:38.334 INFO [main] org.apache.catalina.startup.VersionLoggerListener.log JVM Version:           19.0.2+7-Ubuntu-0ubuntu322.04
11-May-2024 01:47:38.335 INFO [main] org.apache.catalina.startup.VersionLoggerListener.log JVM Vendor:            Private Build
11-May-2024 01:47:38.335 INFO [main] org.apache.catalina.startup.VersionLoggerListener.log CATALINA_BASE:         /mnt/c/Users/USER/OneDrive/Desktop/HKUST ACADEMICS/COMP4321/PROJECT/apache-tomcat-10.1.20
11-May-2024 01:47:38.335 INFO [main] org.apache.catalina.startup.VersionLoggerListener.log CATALINA_HOME:         /mnt/c/Users/USER/OneDrive/Desktop/HKUST ACADEMICS/COMP4321/PROJECT/apache-tomcat-10.1.20
11-May-2024 01:47:38.339 INFO [main] org.apache.catalina.startup.VersionLoggerListener.log Command line argument: -Djava.util.logging.config.file=/mnt/c/Users/USER/OneDrive/Desktop/HKUST ACADEMICS/COMP4321/PROJECT/apache-tomcat-10.1.20/conf/logging.properties
11-May-2024 01:47:38.339 INFO [main] org.apache.catalina.startup.VersionLoggerListener.log Command line argument: -Djava.util.logging.manager=org.apache.juli.ClassLoaderLogManager
11-May-2024 01:47:38.339 INFO [main] org.apache.catalina.startup.VersionLoggerListener.log Command line argument: -Djdk.tls.ephemeralDHKeySize=2048
11-May-2024 01:47:38.340 INFO [main] org.apache.catalina.startup.VersionLoggerListener.log Command line argument: -Djava.protocol.handler.pkgs=org.apache.catalina.webresources
11-May-2024 01:47:38.340 INFO [main] org.apache.catalina.startup.VersionLoggerListener.log Command line argument: -Dorg.apache.catalina.security.SecurityListener.UMASK=0027
11-May-2024 01:47:38.340 INFO [main] org.apache.catalina.startup.VersionLoggerListener.log Command line argument: --add-opens=java.base/java.lang=ALL-UNNAMED
11-May-2024 01:47:38.340 INFO [main] org.apache.catalina.startup.VersionLoggerListener.log Command line argument: --add-opens=java.base/java.io=ALL-UNNAMED
11-May-2024 01:47:38.340 INFO [main] org.apache.catalina.startup.VersionLoggerListener.log Command line argument: --add-opens=java.base/java.util=ALL-UNNAMED
11-May-2024 01:47:38.340 INFO [main] org.apache.catalina.startup.VersionLoggerListener.log Command line argument: --add-opens=java.base/java.util.concurrent=ALL-UNNAMED
11-May-2024 01:47:38.341 INFO [main] org.apache.catalina.startup.VersionLoggerListener.log Command line argument: --add-opens=java.rmi/sun.rmi.transport=ALL-UNNAMED
11-May-2024 01:47:38.341 INFO [main] org.apache.catalina.startup.VersionLoggerListener.log Command line argument: -Dcatalina.base=/mnt/c/Users/USER/OneDrive/Desktop/HKUST ACADEMICS/COMP4321/PROJECT/apache-tomcat-10.1.20
11-May-2024 01:47:38.341 INFO [main] org.apache.catalina.startup.VersionLoggerListener.log Command line argument: -Dcatalina.home=/mnt/c/Users/USER/OneDrive/Desktop/HKUST ACADEMICS/COMP4321/PROJECT/apache-tomcat-10.1.20
11-May-2024 01:47:38.341 INFO [main] org.apache.catalina.startup.VersionLoggerListener.log Command line argument: -Djava.io.tmpdir=/mnt/c/Users/USER/OneDrive/Desktop/HKUST ACADEMICS/COMP4321/PROJECT/apache-tomcat-10.1.20/temp
11-May-2024 01:47:38.344 INFO [main] org.apache.catalina.core.AprLifecycleListener.lifecycleEvent The Apache Tomcat Native library which allows using OpenSSL was not found on the java.library.path: [/usr/java/packages/lib:/usr/lib/x86_64-linux-gnu/jni:/lib/x86_64-linux-gnu:/usr/lib/x86_64-linux-gnu:/usr/lib/jni:/lib:/usr/lib]
11-May-2024 01:47:38.588 INFO [main] org.apache.coyote.AbstractProtocol.init Initializing ProtocolHandler ["http-nio-8080"]
11-May-2024 01:47:38.598 SEVERE [main] org.apache.catalina.util.LifecycleBase.handleSubClassException Failed to initialize component [Connector["http-nio-8080"]]
	org.apache.catalina.LifecycleException: Protocol handler initialization failed
		at org.apache.catalina.connector.Connector.initInternal(Connector.java:1016)
		at org.apache.catalina.util.LifecycleBase.init(LifecycleBase.java:127)
		at org.apache.catalina.core.StandardService.initInternal(StandardService.java:554)
		at org.apache.catalina.util.LifecycleBase.init(LifecycleBase.java:127)
		at org.apache.catalina.core.StandardServer.initInternal(StandardServer.java:1017)
		at org.apache.catalina.util.LifecycleBase.init(LifecycleBase.java:127)
		at org.apache.catalina.startup.Catalina.load(Catalina.java:708)
		at org.apache.catalina.startup.Catalina.load(Catalina.java:731)
		at java.base/jdk.internal.reflect.DirectMethodHandleAccessor.invoke(DirectMethodHandleAccessor.java:104)
		at java.base/java.lang.reflect.Method.invoke(Method.java:578)
		at org.apache.catalina.startup.Bootstrap.load(Bootstrap.java:302)
		at org.apache.catalina.startup.Bootstrap.main(Bootstrap.java:472)
	Caused by: java.net.BindException: Address already in use
		at java.base/sun.nio.ch.Net.bind0(Native Method)
		at java.base/sun.nio.ch.Net.bind(Net.java:555)
		at java.base/sun.nio.ch.ServerSocketChannelImpl.netBind(ServerSocketChannelImpl.java:344)
		at java.base/sun.nio.ch.ServerSocketChannelImpl.bind(ServerSocketChannelImpl.java:301)
		at org.apache.tomcat.util.net.NioEndpoint.initServerSocket(NioEndpoint.java:239)
		at org.apache.tomcat.util.net.NioEndpoint.bind(NioEndpoint.java:194)
		at org.apache.tomcat.util.net.AbstractEndpoint.bindWithCleanup(AbstractEndpoint.java:1307)
		at org.apache.tomcat.util.net.AbstractEndpoint.init(AbstractEndpoint.java:1320)
		at org.apache.coyote.AbstractProtocol.init(AbstractProtocol.java:624)
		at org.apache.coyote.http11.AbstractHttp11Protocol.init(AbstractHttp11Protocol.java:77)
		at org.apache.catalina.connector.Connector.initInternal(Connector.java:1014)
		... 11 more
11-May-2024 01:47:38.599 INFO [main] org.apache.catalina.startup.Catalina.load Server initialization in [462] milliseconds
11-May-2024 01:47:38.645 INFO [main] org.apache.catalina.core.StandardService.startInternal Starting service [Catalina]
11-May-2024 01:47:38.645 INFO [main] org.apache.catalina.core.StandardEngine.startInternal Starting Servlet engine: [Apache Tomcat/10.1.20]
11-May-2024 01:47:38.665 INFO [main] org.apache.catalina.startup.HostConfig.deployDirectory Deploying web application directory [/mnt/c/Users/USER/OneDrive/Desktop/HKUST ACADEMICS/COMP4321/PROJECT/apache-tomcat-10.1.20/webapps/comp4321]
11-May-2024 01:47:40.057 INFO [main] org.apache.jasper.servlet.TldScanner.scanJars At least one JAR was scanned for TLDs yet contained no TLDs. Enable debug logging for this logger for a complete list of JARs that were scanned but no TLDs were found in them. Skipping unneeded JARs during scanning can improve startup time and JSP compilation time.
11-May-2024 01:47:40.135 INFO [main] org.apache.catalina.startup.HostConfig.deployDirectory Deployment of web application directory [/mnt/c/Users/USER/OneDrive/Desktop/HKUST ACADEMICS/COMP4321/PROJECT/apache-tomcat-10.1.20/webapps/comp4321] has finished in [1,469] ms
11-May-2024 01:47:40.136 INFO [main] org.apache.catalina.startup.HostConfig.deployDirectory Deploying web application directory [/mnt/c/Users/USER/OneDrive/Desktop/HKUST ACADEMICS/COMP4321/PROJECT/apache-tomcat-10.1.20/webapps/docs]
11-May-2024 01:47:40.331 INFO [main] org.apache.catalina.startup.HostConfig.deployDirectory Deployment of web application directory [/mnt/c/Users/USER/OneDrive/Desktop/HKUST ACADEMICS/COMP4321/PROJECT/apache-tomcat-10.1.20/webapps/docs] has finished in [196] ms
11-May-2024 01:47:40.332 INFO [main] org.apache.catalina.startup.HostConfig.deployDirectory Deploying web application directory [/mnt/c/Users/USER/OneDrive/Desktop/HKUST ACADEMICS/COMP4321/PROJECT/apache-tomcat-10.1.20/webapps/examples]
11-May-2024 01:47:42.483 SEVERE [main] org.apache.catalina.core.StandardContext.startInternal One or more listeners failed to start. Full details will be found in the appropriate container log file
11-May-2024 01:47:42.484 SEVERE [main] org.apache.catalina.core.StandardContext.startInternal Context [/examples] startup failed due to previous errors
11-May-2024 01:47:42.504 INFO [main] org.apache.catalina.startup.HostConfig.deployDirectory Deployment of web application directory [/mnt/c/Users/USER/OneDrive/Desktop/HKUST ACADEMICS/COMP4321/PROJECT/apache-tomcat-10.1.20/webapps/examples] has finished in [2,172] ms
11-May-2024 01:47:42.505 INFO [main] org.apache.catalina.startup.HostConfig.deployDirectory Deploying web application directory [/mnt/c/Users/USER/OneDrive/Desktop/HKUST ACADEMICS/COMP4321/PROJECT/apache-tomcat-10.1.20/webapps/host-manager]
11-May-2024 01:47:42.724 INFO [main] org.apache.catalina.startup.HostConfig.deployDirectory Deployment of web application directory [/mnt/c/Users/USER/OneDrive/Desktop/HKUST ACADEMICS/COMP4321/PROJECT/apache-tomcat-10.1.20/webapps/host-manager] has finished in [219] ms
11-May-2024 01:47:42.725 INFO [main] org.apache.catalina.startup.HostConfig.deployDirectory Deploying web application directory [/mnt/c/Users/USER/OneDrive/Desktop/HKUST ACADEMICS/COMP4321/PROJECT/apache-tomcat-10.1.20/webapps/manager]
11-May-2024 01:47:43.313 INFO [main] org.apache.catalina.startup.HostConfig.deployDirectory Deployment of web application directory [/mnt/c/Users/USER/OneDrive/Desktop/HKUST ACADEMICS/COMP4321/PROJECT/apache-tomcat-10.1.20/webapps/manager] has finished in [588] ms
11-May-2024 01:47:43.314 INFO [main] org.apache.catalina.startup.HostConfig.deployDirectory Deploying web application directory [/mnt/c/Users/USER/OneDrive/Desktop/HKUST ACADEMICS/COMP4321/PROJECT/apache-tomcat-10.1.20/webapps/ROOT]
11-May-2024 01:47:43.464 INFO [main] org.apache.catalina.startup.HostConfig.deployDirectory Deployment of web application directory [/mnt/c/Users/USER/OneDrive/Desktop/HKUST ACADEMICS/COMP4321/PROJECT/apache-tomcat-10.1.20/webapps/ROOT] has finished in [150] ms
11-May-2024 01:47:43.470 INFO [main] org.apache.catalina.startup.Catalina.start Server startup in [4870] milliseconds
11-May-2024 01:47:43.473 SEVERE [main] org.apache.catalina.core.StandardServer.await Failed to create server shutdown socket on address [localhost] and port [8005] (base port [8005] and offset [0])
	java.net.BindException: Address already in use
		at java.base/sun.nio.ch.Net.bind0(Native Method)
		at java.base/sun.nio.ch.Net.bind(Net.java:555)
		at java.base/sun.nio.ch.Net.bind(Net.java:544)
		at java.base/sun.nio.ch.NioSocketImpl.bind(NioSocketImpl.java:629)
		at java.base/java.net.ServerSocket.bind(ServerSocket.java:393)
		at java.base/java.net.ServerSocket.<init>(ServerSocket.java:275)
		at org.apache.catalina.core.StandardServer.await(StandardServer.java:577)
		at org.apache.catalina.startup.Catalina.await(Catalina.java:847)
		at org.apache.catalina.startup.Catalina.start(Catalina.java:795)
		at java.base/jdk.internal.reflect.DirectMethodHandleAccessor.invoke(DirectMethodHandleAccessor.java:104)
		at java.base/java.lang.reflect.Method.invoke(Method.java:578)
		at org.apache.catalina.startup.Bootstrap.start(Bootstrap.java:345)
		at org.apache.catalina.startup.Bootstrap.main(Bootstrap.java:473)
11-May-2024 01:47:43.474 INFO [main] org.apache.coyote.AbstractProtocol.pause Pausing ProtocolHandler ["http-nio-8080"]
11-May-2024 01:47:43.475 INFO [main] org.apache.catalina.core.StandardService.stopInternal Stopping service [Catalina]
11-May-2024 01:47:43.633 INFO [main] org.apache.coyote.AbstractProtocol.stop Stopping ProtocolHandler ["http-nio-8080"]
11-May-2024 01:47:43.634 INFO [main] org.apache.coyote.AbstractProtocol.destroy Destroying ProtocolHandler ["http-nio-8080"]
11-May-2024 01:47:49.668 INFO [main] org.apache.catalina.core.StandardServer.await A valid shutdown command was received via the shutdown port. Stopping the Server instance.
11-May-2024 01:47:49.668 INFO [main] org.apache.coyote.AbstractProtocol.pause Pausing ProtocolHandler ["http-nio-8080"]
11-May-2024 01:47:49.670 INFO [main] org.apache.catalina.core.StandardService.stopInternal Stopping service [Catalina]
11-May-2024 01:47:49.689 INFO [main] org.apache.coyote.AbstractProtocol.stop Stopping ProtocolHandler ["http-nio-8080"]
11-May-2024 01:47:49.693 INFO [main] org.apache.coyote.AbstractProtocol.destroy Destroying ProtocolHandler ["http-nio-8080"]
11-May-2024 01:47:51.178 INFO [main] org.apache.catalina.startup.VersionLoggerListener.log Server version name:   Apache Tomcat/10.1.20
11-May-2024 01:47:51.181 INFO [main] org.apache.catalina.startup.VersionLoggerListener.log Server built:          Mar 19 2024 12:49:58 UTC
11-May-2024 01:47:51.181 INFO [main] org.apache.catalina.startup.VersionLoggerListener.log Server version number: 10.1.20.0
11-May-2024 01:47:51.182 INFO [main] org.apache.catalina.startup.VersionLoggerListener.log OS Name:               Linux
11-May-2024 01:47:51.182 INFO [main] org.apache.catalina.startup.VersionLoggerListener.log OS Version:            5.15.133.1-microsoft-standard-WSL2
11-May-2024 01:47:51.182 INFO [main] org.apache.catalina.startup.VersionLoggerListener.log Architecture:          amd64
11-May-2024 01:47:51.182 INFO [main] org.apache.catalina.startup.VersionLoggerListener.log Java Home:             /usr/lib/jvm/java-19-openjdk-amd64
11-May-2024 01:47:51.182 INFO [main] org.apache.catalina.startup.VersionLoggerListener.log JVM Version:           19.0.2+7-Ubuntu-0ubuntu322.04
11-May-2024 01:47:51.183 INFO [main] org.apache.catalina.startup.VersionLoggerListener.log JVM Vendor:            Private Build
11-May-2024 01:47:51.183 INFO [main] org.apache.catalina.startup.VersionLoggerListener.log CATALINA_BASE:         /mnt/c/Users/USER/OneDrive/Desktop/HKUST ACADEMICS/COMP4321/PROJECT/apache-tomcat-10.1.20
11-May-2024 01:47:51.183 INFO [main] org.apache.catalina.startup.VersionLoggerListener.log CATALINA_HOME:         /mnt/c/Users/USER/OneDrive/Desktop/HKUST ACADEMICS/COMP4321/PROJECT/apache-tomcat-10.1.20
11-May-2024 01:47:51.190 INFO [main] org.apache.catalina.startup.VersionLoggerListener.log Command line argument: -Djava.util.logging.config.file=/mnt/c/Users/USER/OneDrive/Desktop/HKUST ACADEMICS/COMP4321/PROJECT/apache-tomcat-10.1.20/conf/logging.properties
11-May-2024 01:47:51.190 INFO [main] org.apache.catalina.startup.VersionLoggerListener.log Command line argument: -Djava.util.logging.manager=org.apache.juli.ClassLoaderLogManager
11-May-2024 01:47:51.190 INFO [main] org.apache.catalina.startup.VersionLoggerListener.log Command line argument: -Djdk.tls.ephemeralDHKeySize=2048
11-May-2024 01:47:51.191 INFO [main] org.apache.catalina.startup.VersionLoggerListener.log Command line argument: -Djava.protocol.handler.pkgs=org.apache.catalina.webresources
11-May-2024 01:47:51.191 INFO [main] org.apache.catalina.startup.VersionLoggerListener.log Command line argument: -Dorg.apache.catalina.security.SecurityListener.UMASK=0027
11-May-2024 01:47:51.191 INFO [main] org.apache.catalina.startup.VersionLoggerListener.log Command line argument: --add-opens=java.base/java.lang=ALL-UNNAMED
11-May-2024 01:47:51.191 INFO [main] org.apache.catalina.startup.VersionLoggerListener.log Command line argument: --add-opens=java.base/java.io=ALL-UNNAMED
11-May-2024 01:47:51.192 INFO [main] org.apache.catalina.startup.VersionLoggerListener.log Command line argument: --add-opens=java.base/java.util=ALL-UNNAMED
11-May-2024 01:47:51.192 INFO [main] org.apache.catalina.startup.VersionLoggerListener.log Command line argument: --add-opens=java.base/java.util.concurrent=ALL-UNNAMED
11-May-2024 01:47:51.192 INFO [main] org.apache.catalina.startup.VersionLoggerListener.log Command line argument: --add-opens=java.rmi/sun.rmi.transport=ALL-UNNAMED
11-May-2024 01:47:51.192 INFO [main] org.apache.catalina.startup.VersionLoggerListener.log Command line argument: -Dcatalina.base=/mnt/c/Users/USER/OneDrive/Desktop/HKUST ACADEMICS/COMP4321/PROJECT/apache-tomcat-10.1.20
11-May-2024 01:47:51.193 INFO [main] org.apache.catalina.startup.VersionLoggerListener.log Command line argument: -Dcatalina.home=/mnt/c/Users/USER/OneDrive/Desktop/HKUST ACADEMICS/COMP4321/PROJECT/apache-tomcat-10.1.20
11-May-2024 01:47:51.193 INFO [main] org.apache.catalina.startup.VersionLoggerListener.log Command line argument: -Djava.io.tmpdir=/mnt/c/Users/USER/OneDrive/Desktop/HKUST ACADEMICS/COMP4321/PROJECT/apache-tomcat-10.1.20/temp
11-May-2024 01:47:51.196 INFO [main] org.apache.catalina.core.AprLifecycleListener.lifecycleEvent The Apache Tomcat Native library which allows using OpenSSL was not found on the java.library.path: [/usr/java/packages/lib:/usr/lib/x86_64-linux-gnu/jni:/lib/x86_64-linux-gnu:/usr/lib/x86_64-linux-gnu:/usr/lib/jni:/lib:/usr/lib]
11-May-2024 01:47:51.502 INFO [main] org.apache.coyote.AbstractProtocol.init Initializing ProtocolHandler ["http-nio-8080"]
11-May-2024 01:47:51.519 INFO [main] org.apache.catalina.startup.Catalina.load Server initialization in [557] milliseconds
11-May-2024 01:47:51.564 INFO [main] org.apache.catalina.core.StandardService.startInternal Starting service [Catalina]
11-May-2024 01:47:51.565 INFO [main] org.apache.catalina.core.StandardEngine.startInternal Starting Servlet engine: [Apache Tomcat/10.1.20]
11-May-2024 01:47:51.586 INFO [main] org.apache.catalina.startup.HostConfig.deployDirectory Deploying web application directory [/mnt/c/Users/USER/OneDrive/Desktop/HKUST ACADEMICS/COMP4321/PROJECT/apache-tomcat-10.1.20/webapps/comp4321]
11-May-2024 01:47:53.175 INFO [main] org.apache.jasper.servlet.TldScanner.scanJars At least one JAR was scanned for TLDs yet contained no TLDs. Enable debug logging for this logger for a complete list of JARs that were scanned but no TLDs were found in them. Skipping unneeded JARs during scanning can improve startup time and JSP compilation time.
11-May-2024 01:47:53.263 INFO [main] org.apache.catalina.startup.HostConfig.deployDirectory Deployment of web application directory [/mnt/c/Users/USER/OneDrive/Desktop/HKUST ACADEMICS/COMP4321/PROJECT/apache-tomcat-10.1.20/webapps/comp4321] has finished in [1,676] ms
11-May-2024 01:47:53.264 INFO [main] org.apache.catalina.startup.HostConfig.deployDirectory Deploying web application directory [/mnt/c/Users/USER/OneDrive/Desktop/HKUST ACADEMICS/COMP4321/PROJECT/apache-tomcat-10.1.20/webapps/docs]
11-May-2024 01:47:53.456 INFO [main] org.apache.catalina.startup.HostConfig.deployDirectory Deployment of web application directory [/mnt/c/Users/USER/OneDrive/Desktop/HKUST ACADEMICS/COMP4321/PROJECT/apache-tomcat-10.1.20/webapps/docs] has finished in [192] ms
11-May-2024 01:47:53.457 INFO [main] org.apache.catalina.startup.HostConfig.deployDirectory Deploying web application directory [/mnt/c/Users/USER/OneDrive/Desktop/HKUST ACADEMICS/COMP4321/PROJECT/apache-tomcat-10.1.20/webapps/examples]
11-May-2024 01:47:55.679 SEVERE [main] org.apache.catalina.core.StandardContext.startInternal One or more listeners failed to start. Full details will be found in the appropriate container log file
11-May-2024 01:47:55.680 SEVERE [main] org.apache.catalina.core.StandardContext.startInternal Context [/examples] startup failed due to previous errors
11-May-2024 01:47:55.700 INFO [main] org.apache.catalina.startup.HostConfig.deployDirectory Deployment of web application directory [/mnt/c/Users/USER/OneDrive/Desktop/HKUST ACADEMICS/COMP4321/PROJECT/apache-tomcat-10.1.20/webapps/examples] has finished in [2,243] ms
11-May-2024 01:47:55.701 INFO [main] org.apache.catalina.startup.HostConfig.deployDirectory Deploying web application directory [/mnt/c/Users/USER/OneDrive/Desktop/HKUST ACADEMICS/COMP4321/PROJECT/apache-tomcat-10.1.20/webapps/host-manager]
11-May-2024 01:47:55.924 INFO [main] org.apache.catalina.startup.HostConfig.deployDirectory Deployment of web application directory [/mnt/c/Users/USER/OneDrive/Desktop/HKUST ACADEMICS/COMP4321/PROJECT/apache-tomcat-10.1.20/webapps/host-manager] has finished in [223] ms
11-May-2024 01:47:55.926 INFO [main] org.apache.catalina.startup.HostConfig.deployDirectory Deploying web application directory [/mnt/c/Users/USER/OneDrive/Desktop/HKUST ACADEMICS/COMP4321/PROJECT/apache-tomcat-10.1.20/webapps/manager]
11-May-2024 01:47:56.463 INFO [main] org.apache.catalina.startup.HostConfig.deployDirectory Deployment of web application directory [/mnt/c/Users/USER/OneDrive/Desktop/HKUST ACADEMICS/COMP4321/PROJECT/apache-tomcat-10.1.20/webapps/manager] has finished in [536] ms
11-May-2024 01:47:56.464 INFO [main] org.apache.catalina.startup.HostConfig.deployDirectory Deploying web application directory [/mnt/c/Users/USER/OneDrive/Desktop/HKUST ACADEMICS/COMP4321/PROJECT/apache-tomcat-10.1.20/webapps/ROOT]
11-May-2024 01:47:56.634 INFO [main] org.apache.catalina.startup.HostConfig.deployDirectory Deployment of web application directory [/mnt/c/Users/USER/OneDrive/Desktop/HKUST ACADEMICS/COMP4321/PROJECT/apache-tomcat-10.1.20/webapps/ROOT] has finished in [170] ms
11-May-2024 01:47:56.641 INFO [main] org.apache.coyote.AbstractProtocol.start Starting ProtocolHandler ["http-nio-8080"]
11-May-2024 01:47:56.653 INFO [main] org.apache.catalina.startup.Catalina.start Server startup in [5132] milliseconds
